# JRE version: OpenJDK Runtime Environment (11.0.15) (build 11.0.15+0-b2043.56-9505619)
# Java VM: OpenJDK 64-Bit Server VM (11.0.15+0-b2043.56-9505619, mixed mode, tiered, compressed oops, g1 gc, windows-amd64)
Heap:
 garbage-first heap   total 145408K, used 63334K [0x0000000080000000, 0x0000000100000000)
  region size 1024K, 31 young (31744K), 6 survivors (6144K)
 Metaspace       used 39828K, capacity 40903K, committed 41040K, reserved 1085440K
  class space    used 5147K, capacity 5550K, committed 5632K, reserved 1048576K
GC Heap History (14 events):
Event: 0.849 GC heap before
{Heap before GC invocations=0 (full 0):
 garbage-first heap   total 120832K, used 27648K [0x0000000080000000, 0x0000000100000000)
  region size 1024K, 22 young (22528K), 0 survivors (0K)
 Metaspace       used 9839K, capacity 10080K, committed 10368K, reserved 1058816K
  class space    used 981K, capacity 1041K, committed 1152K, reserved 1048576K
}
Event: 0.854 GC heap after
{Heap after GC invocations=1 (full 0):
 garbage-first heap   total 120832K, used 9492K [0x0000000080000000, 0x0000000100000000)
  region size 1024K, 3 young (3072K), 3 survivors (3072K)
 Metaspace       used 9839K, capacity 10080K, committed 10368K, reserved 1058816K
  class space    used 981K, capacity 1041K, committed 1152K, reserved 1048576K
}
Event: 1.111 GC heap before
{Heap before GC invocations=1 (full 0):
 garbage-first heap   total 120832K, used 27924K [0x0000000080000000, 0x0000000100000000)
  region size 1024K, 21 young (21504K), 3 survivors (3072K)
 Metaspace       used 11221K, capacity 11456K, committed 11520K, reserved 1058816K
  class space    used 1153K, capacity 1244K, committed 1280K, reserved 1048576K
}
Event: 1.115 GC heap after
{Heap after GC invocations=2 (full 0):
 garbage-first heap   total 120832K, used 10236K [0x0000000080000000, 0x0000000100000000)
  region size 1024K, 1 young (1024K), 1 survivors (1024K)
 Metaspace       used 11221K, capacity 11456K, committed 11520K, reserved 1058816K
  class space    used 1153K, capacity 1244K, committed 1280K, reserved 1048576K
}
Event: 3.005 GC heap before
{Heap before GC invocations=2 (full 0):
 garbage-first heap   total 120832K, used 60412K [0x0000000080000000, 0x0000000100000000)
  region size 1024K, 49 young (50176K), 1 survivors (1024K)
 Metaspace       used 17549K, capacity 18030K, committed 18304K, reserved 1064960K
  class space    used 2003K, capacity 2150K, committed 2176K, reserved 1048576K
}
Event: 3.043 GC heap after
{Heap after GC invocations=3 (full 0):
 garbage-first heap   total 120832K, used 16265K [0x0000000080000000, 0x0000000100000000)
  region size 1024K, 7 young (7168K), 7 survivors (7168K)
 Metaspace       used 17549K, capacity 18030K, committed 18304K, reserved 1064960K
  class space    used 2003K, capacity 2150K, committed 2176K, reserved 1048576K
}
Event: 3.588 GC heap before
{Heap before GC invocations=3 (full 0):
 garbage-first heap   total 120832K, used 43913K [0x0000000080000000, 0x0000000100000000)
  region size 1024K, 35 young (35840K), 7 survivors (7168K)
 Metaspace       used 20693K, capacity 21136K, committed 21296K, reserved 1069056K
  class space    used 2489K, capacity 2635K, committed 2688K, reserved 1048576K
}
Event: 3.596 GC heap after
{Heap after GC invocations=4 (full 0):
 garbage-first heap   total 120832K, used 17508K [0x0000000080000000, 0x0000000100000000)
  region size 1024K, 2 young (2048K), 2 survivors (2048K)
 Metaspace       used 20693K, capacity 21136K, committed 21296K, reserved 1069056K
  class space    used 2489K, capacity 2635K, committed 2688K, reserved 1048576K
}
Event: 4.363 GC heap before
{Heap before GC invocations=5 (full 0):
 garbage-first heap   total 120832K, used 67684K [0x0000000080000000, 0x0000000100000000)
  region size 1024K, 52 young (53248K), 2 survivors (2048K)
 Metaspace       used 25614K, capacity 26190K, committed 26288K, reserved 1073152K
  class space    used 3291K, capacity 3497K, committed 3584K, reserved 1048576K
}
Event: 4.366 GC heap after
{Heap after GC invocations=6 (full 0):
 garbage-first heap   total 145408K, used 19159K [0x0000000080000000, 0x0000000100000000)
  region size 1024K, 3 young (3072K), 3 survivors (3072K)
 Metaspace       used 25614K, capacity 26190K, committed 26288K, reserved 1073152K
  class space    used 3291K, capacity 3497K, committed 3584K, reserved 1048576K
}
Event: 5.538 GC heap before
{Heap before GC invocations=6 (full 0):
 garbage-first heap   total 145408K, used 101079K [0x0000000080000000, 0x0000000100000000)
  region size 1024K, 68 young (69632K), 3 survivors (3072K)
 Metaspace       used 31620K, capacity 32556K, committed 32688K, reserved 1077248K
  class space    used 4240K, capacity 4578K, committed 4608K, reserved 1048576K
}
Event: 5.542 GC heap after
{Heap after GC invocations=7 (full 0):
 garbage-first heap   total 145408K, used 38959K [0x0000000080000000, 0x0000000100000000)
  region size 1024K, 8 young (8192K), 8 survivors (8192K)
 Metaspace       used 31620K, capacity 32556K, committed 32688K, reserved 1077248K
  class space    used 4240K, capacity 4578K, committed 4608K, reserved 1048576K
}
Event: 6.073 GC heap before
{Heap before GC invocations=7 (full 0):
 garbage-first heap   total 145408K, used 60463K [0x0000000080000000, 0x0000000100000000)
  region size 1024K, 30 young (30720K), 8 survivors (8192K)
 Metaspace       used 34778K, capacity 35838K, committed 35920K, reserved 1081344K
  class space    used 4672K, capacity 5075K, committed 5120K, reserved 1048576K
}
Event: 6.081 GC heap after
{Heap after GC invocations=8 (full 0):
 garbage-first heap   total 145408K, used 39782K [0x0000000080000000, 0x0000000100000000)
  region size 1024K, 6 young (6144K), 6 survivors (6144K)
 Metaspace       used 34778K, capacity 35838K, committed 35920K, reserved 1081344K
  class space    used 4672K, capacity 5075K, committed 5120K, reserved 1048576K
}

